2019-07-26 16:29:18,290 INFO [org.springframework.test.context.support.DefaultTestContextBootstrapper] - Loaded default TestExecutionListener class names from location [META-INF/spring.factories]: [org.springframework.test.context.web.ServletTestExecutionListener, org.springframework.test.context.support.DirtiesContextBeforeModesTestExecutionListener, org.springframework.test.context.support.DependencyInjectionTestExecutionListener, org.springframework.test.context.support.DirtiesContextTestExecutionListener, org.springframework.test.context.transaction.TransactionalTestExecutionListener, org.springframework.test.context.jdbc.SqlScriptsTestExecutionListener]
2019-07-26 16:29:18,324 INFO [org.springframework.test.context.support.DefaultTestContextBootstrapper] - Using TestExecutionListeners: [org.springframework.test.context.web.ServletTestExecutionListener@4b9e13df, org.springframework.test.context.support.DirtiesContextBeforeModesTestExecutionListener@2b98378d, org.springframework.test.context.support.DependencyInjectionTestExecutionListener@475530b9, org.springframework.test.context.support.DirtiesContextTestExecutionListener@1d057a39, org.springframework.test.context.transaction.TransactionalTestExecutionListener@26be92ad, org.springframework.test.context.jdbc.SqlScriptsTestExecutionListener@4c70fda8]
2019-07-26 16:29:18,464 INFO [org.springframework.beans.factory.xml.XmlBeanDefinitionReader] - Loading XML bean definitions from class path resource [spring.xml]
2019-07-26 16:29:18,835 INFO [org.springframework.beans.factory.xml.XmlBeanDefinitionReader] - Loading XML bean definitions from class path resource [spring-druid.xml]
2019-07-26 16:29:18,895 INFO [org.springframework.beans.factory.xml.XmlBeanDefinitionReader] - Loading XML bean definitions from class path resource [spring-mybatis.xml]
2019-07-26 16:29:18,924 INFO [org.springframework.context.support.GenericApplicationContext] - Refreshing org.springframework.context.support.GenericApplicationContext@55d56113: startup date [Fri Jul 26 16:29:18 CST 2019]; root of context hierarchy
2019-07-26 16:29:20,466 INFO [com.alibaba.druid.pool.DruidDataSource] - {dataSource-1} inited
2019-07-26 16:29:21,819 INFO [org.springframework.context.support.GenericApplicationContext] - Closing org.springframework.context.support.GenericApplicationContext@55d56113: startup date [Fri Jul 26 16:29:18 CST 2019]; root of context hierarchy
2019-07-26 16:29:21,844 INFO [com.alibaba.druid.pool.DruidDataSource] - {dataSource-1} closed
2019-07-26 16:30:32,209 INFO [org.springframework.test.context.support.DefaultTestContextBootstrapper] - Loaded default TestExecutionListener class names from location [META-INF/spring.factories]: [org.springframework.test.context.web.ServletTestExecutionListener, org.springframework.test.context.support.DirtiesContextBeforeModesTestExecutionListener, org.springframework.test.context.support.DependencyInjectionTestExecutionListener, org.springframework.test.context.support.DirtiesContextTestExecutionListener, org.springframework.test.context.transaction.TransactionalTestExecutionListener, org.springframework.test.context.jdbc.SqlScriptsTestExecutionListener]
2019-07-26 16:30:32,240 INFO [org.springframework.test.context.support.DefaultTestContextBootstrapper] - Using TestExecutionListeners: [org.springframework.test.context.web.ServletTestExecutionListener@4b9e13df, org.springframework.test.context.support.DirtiesContextBeforeModesTestExecutionListener@2b98378d, org.springframework.test.context.support.DependencyInjectionTestExecutionListener@475530b9, org.springframework.test.context.support.DirtiesContextTestExecutionListener@1d057a39, org.springframework.test.context.transaction.TransactionalTestExecutionListener@26be92ad, org.springframework.test.context.jdbc.SqlScriptsTestExecutionListener@4c70fda8]
2019-07-26 16:30:32,370 INFO [org.springframework.beans.factory.xml.XmlBeanDefinitionReader] - Loading XML bean definitions from class path resource [spring.xml]
2019-07-26 16:30:32,717 INFO [org.springframework.beans.factory.xml.XmlBeanDefinitionReader] - Loading XML bean definitions from class path resource [spring-druid.xml]
2019-07-26 16:30:32,776 INFO [org.springframework.beans.factory.xml.XmlBeanDefinitionReader] - Loading XML bean definitions from class path resource [spring-mybatis.xml]
2019-07-26 16:30:32,800 INFO [org.springframework.context.support.GenericApplicationContext] - Refreshing org.springframework.context.support.GenericApplicationContext@55d56113: startup date [Fri Jul 26 16:30:32 CST 2019]; root of context hierarchy
2019-07-26 16:30:34,020 INFO [com.alibaba.druid.pool.DruidDataSource] - {dataSource-1} inited
2019-07-26 16:30:34,919 INFO [org.springframework.context.support.GenericApplicationContext] - Closing org.springframework.context.support.GenericApplicationContext@55d56113: startup date [Fri Jul 26 16:30:32 CST 2019]; root of context hierarchy
2019-07-26 16:30:34,924 INFO [com.alibaba.druid.pool.DruidDataSource] - {dataSource-1} closed
2019-07-26 20:05:36,982 INFO [org.springframework.test.context.support.DefaultTestContextBootstrapper] - Loaded default TestExecutionListener class names from location [META-INF/spring.factories]: [org.springframework.test.context.web.ServletTestExecutionListener, org.springframework.test.context.support.DirtiesContextBeforeModesTestExecutionListener, org.springframework.test.context.support.DependencyInjectionTestExecutionListener, org.springframework.test.context.support.DirtiesContextTestExecutionListener, org.springframework.test.context.transaction.TransactionalTestExecutionListener, org.springframework.test.context.jdbc.SqlScriptsTestExecutionListener]
2019-07-26 20:05:37,034 INFO [org.springframework.test.context.support.DefaultTestContextBootstrapper] - Using TestExecutionListeners: [org.springframework.test.context.web.ServletTestExecutionListener@4b9e13df, org.springframework.test.context.support.DirtiesContextBeforeModesTestExecutionListener@2b98378d, org.springframework.test.context.support.DependencyInjectionTestExecutionListener@475530b9, org.springframework.test.context.support.DirtiesContextTestExecutionListener@1d057a39, org.springframework.test.context.transaction.TransactionalTestExecutionListener@26be92ad, org.springframework.test.context.jdbc.SqlScriptsTestExecutionListener@4c70fda8]
2019-07-26 20:05:37,165 INFO [org.springframework.beans.factory.xml.XmlBeanDefinitionReader] - Loading XML bean definitions from class path resource [spring.xml]
2019-07-26 20:05:37,693 INFO [org.springframework.beans.factory.xml.XmlBeanDefinitionReader] - Loading XML bean definitions from class path resource [spring-druid.xml]
2019-07-26 20:05:37,772 INFO [org.springframework.beans.factory.xml.XmlBeanDefinitionReader] - Loading XML bean definitions from class path resource [spring-mybatis.xml]
2019-07-26 20:05:37,833 INFO [org.springframework.context.support.GenericApplicationContext] - Refreshing org.springframework.context.support.GenericApplicationContext@55d56113: startup date [Fri Jul 26 20:05:37 CST 2019]; root of context hierarchy
2019-07-26 20:05:39,248 INFO [com.alibaba.druid.pool.DruidDataSource] - {dataSource-1} inited
2019-07-26 20:05:40,356 INFO [org.springframework.context.support.GenericApplicationContext] - Closing org.springframework.context.support.GenericApplicationContext@55d56113: startup date [Fri Jul 26 20:05:37 CST 2019]; root of context hierarchy
2019-07-26 20:05:40,362 INFO [com.alibaba.druid.pool.DruidDataSource] - {dataSource-1} closed
